<?xml version="1.0" encoding="UTF-8"?>
<!-- Generated by org.testng.reporters.JUnitReportReporter -->
<testsuite hostname="DESKTOP-STK28R4" failures="0" tests="1" name="testScript.QALegendLoginTests" time="4.601" errors="0" timestamp="2024-12-09T20:15:49 IST" skipped="0">
  <testcase classname="testScript.QALegendLoginTests" name="invalidLogin" time="4.601"/>
</testsuite> <!-- testScript.QALegendLoginTests -->
