<?xml version="1.0" encoding="UTF-8"?>
<!-- Generated by org.testng.reporters.JUnitReportReporter -->
<testsuite hostname="LAPTOP-T5HRFLI1" failures="0" tests="2" name="Gha.NewTest09" time="0.010" errors="0" timestamp="2022-07-14T13:46:50 IST" skipped="0">
  <testcase classname="Gha.NewTest09" name="f1" time="0.009"/>
  <system-out/>
  <testcase classname="Gha.NewTest09" name="f" time="0.001"/>
  <system-out/>
</testsuite> <!-- Gha.NewTest09 -->
