<?xml version="1.0" encoding="UTF-8"?>
<!-- Generated by org.testng.reporters.JUnitReportReporter -->
<testsuite hostname="LAPTOP-T5HRFLI1" failures="0" tests="1" name="TestCases.Amazon432" time="12.768" errors="0" timestamp="2024-11-04T06:48:49 IST" skipped="0">
  <testcase classname="TestCases.Amazon432" name="tc01" time="12.768"/>
  <system-out/>
</testsuite> <!-- TestCases.Amazon432 -->
