<?xml version="1.0" encoding="UTF-8"?>
<!-- Generated by org.testng.reporters.JUnitReportReporter -->
<testsuite hostname="LAPTOP-T5HRFLI1" failures="0" tests="1" name="TestCases.Amazon0123" time="11.796" errors="0" timestamp="2024-10-25T06:21:24 IST" skipped="0">
  <testcase classname="TestCases.Amazon0123" name="tc02" time="11.796"/>
  <system-out/>
</testsuite> <!-- TestCases.Amazon0123 -->
