<?xml version="1.0" encoding="UTF-8"?>
<!-- Generated by org.testng.reporters.JUnitReportReporter -->
<testsuite hostname="LAPTOP-T5HRFLI1" failures="0" tests="3" name="TestCases.Amazon0145" time="75.642" errors="0" timestamp="2024-11-08T10:46:07 IST" skipped="0">
  <testcase classname="TestCases.Amazon0145" name="tc05" time="21.392"/>
  <system-out/>
  <testcase classname="TestCases.Amazon0145" name="tc05" time="36.736"/>
  <system-out/>
  <testcase classname="TestCases.Amazon0145" name="tc05" time="17.514"/>
  <system-out/>
</testsuite> <!-- TestCases.Amazon0145 -->
