<?xml version="1.0" encoding="UTF-8"?>
<!-- Generated by org.testng.reporters.JUnitReportReporter -->
<testsuite hostname="LAPTOP-T5HRFLI1" failures="0" tests="3" name="mypcck.Mnb" time="0.012" errors="0" timestamp="2022-07-02T20:10:32 IST" skipped="0">
  <testcase classname="mypcck.Mnb" name="f3" time="0.010"/>
  <system-out/>
  <testcase classname="mypcck.Mnb" name="f2" time="0.001"/>
  <system-out/>
  <testcase classname="mypcck.Mnb" name="f1" time="0.001"/>
  <system-out/>
</testsuite> <!-- mypcck.Mnb -->
